TN:
SF:D:\webpack_learn\builder-webpack\lib\webpack.base.js
FN:13,(anonymous_0)
FN:19,(anonymous_1)
FN:83,(anonymous_2)
FN:133,doneErrorPlugin
FN:134,(anonymous_4)
FNF:5
FNH:2
FNDA:1,(anonymous_0)
FNDA:2,(anonymous_1)
FNDA:0,(anonymous_2)
FNDA:0,doneErrorPlugin
FNDA:0,(anonymous_4)
DA:2,1
DA:3,1
DA:4,1
DA:5,1
DA:6,1
DA:7,1
DA:8,1
DA:10,1
DA:13,1
DA:14,1
DA:17,1
DA:18,1
DA:19,1
DA:20,2
DA:21,2
DA:22,2
DA:23,2
DA:24,2
DA:41,1
DA:47,1
DA:50,1
DA:83,0
DA:134,0
DA:135,0
DA:136,0
DA:138,0
LF:26
LH:21
BRDA:22,0,0,2
BRDA:22,0,1,2
BRDA:135,1,0,0
BRDA:135,1,1,0
BRDA:135,2,0,0
BRDA:135,2,1,0
BRDA:135,2,2,0
BRF:7
BRH:2
end_of_record
